  main.cpp
C:\Users\USER\Documents\data-structure-lab-2024\Chap02_Array_Class\Chap02_Class_Example\Car.h(34,10): warning C4477: 'printf' : 서식 문자열 '%x'에 'unsigned int' 형식의 인수가 필요하지만 variadic 인수 1의 형식이 'Car *'입니다.
  (소스 파일 'main.cpp'을(를) 컴파일하는 중)
  
C:\Users\USER\Documents\data-structure-lab-2024\Chap02_Array_Class\Chap02_Class_Example\Car.h(34,10): warning C4313: 'printf': 서식 문자열의 '%x'이(가) Car *' 형식의 인수 1과(와) 충돌합니다.
  (소스 파일 'main.cpp'을(를) 컴파일하는 중)
  
C:\Users\USER\Documents\data-structure-lab-2024\Chap02_Array_Class\Chap02_Class_Example\Rectangle.h(5,12): error C2062: 예기치 않은 'double' 형식입니다.
  (소스 파일 'main.cpp'을(를) 컴파일하는 중)
  
C:\Users\USER\Documents\data-structure-lab-2024\Chap02_Array_Class\Chap02_Class_Example\Rectangle.h(5,32): error C2143: 구문 오류: ';'이(가) '{' 앞에 없습니다.
  (소스 파일 'main.cpp'을(를) 컴파일하는 중)
  
C:\Users\USER\Documents\data-structure-lab-2024\Chap02_Array_Class\Chap02_Class_Example\Rectangle.h(5,32): error C2447: '{': 함수 헤더가 없습니다. 이전 스타일의 형식 목록입니까?
  (소스 파일 'main.cpp'을(를) 컴파일하는 중)
  
C:\Users\USER\Documents\data-structure-lab-2024\Chap02_Array_Class\Chap02_Class_Example\Rectangle.h(11,9): error C2065: 'width': 선언되지 않은 식별자입니다.
  (소스 파일 'main.cpp'을(를) 컴파일하는 중)
  
C:\Users\USER\Documents\data-structure-lab-2024\Chap02_Array_Class\Chap02_Class_Example\Rectangle.h(11,17): error C2065: 'height': 선언되지 않은 식별자입니다.
  (소스 파일 'main.cpp'을(를) 컴파일하는 중)
  
C:\Users\USER\Documents\data-structure-lab-2024\Chap02_Array_Class\Chap02_Class_Example\Rectangle.h(14,14): error C2065: 'wudtg': 선언되지 않은 식별자입니다.
  (소스 파일 'main.cpp'을(를) 컴파일하는 중)
  
C:\Users\USER\Documents\data-structure-lab-2024\Chap02_Array_Class\Chap02_Class_Example\Rectangle.h(14,22): error C2065: 'height': 선언되지 않은 식별자입니다.
  (소스 파일 'main.cpp'을(를) 컴파일하는 중)
  
C:\Users\USER\Documents\data-structure-lab-2024\Chap02_Array_Class\Chap02_Class_Example\Rectangle.h(17,9): error C2065: 'width': 선언되지 않은 식별자입니다.
  (소스 파일 'main.cpp'을(를) 컴파일하는 중)
  
C:\Users\USER\Documents\data-structure-lab-2024\Chap02_Array_Class\Chap02_Class_Example\Rectangle.h(17,18): error C2065: 'height': 선언되지 않은 식별자입니다.
  (소스 파일 'main.cpp'을(를) 컴파일하는 중)
  
C:\Users\USER\Documents\data-structure-lab-2024\Chap02_Array_Class\Chap02_Class_Example\main.cpp(5,10): error C2006: '#include': "FILENAME" 또는 <FILENAME>이 필요합니다.
C:\Users\USER\Documents\data-structure-lab-2024\Chap02_Array_Class\Chap02_Class_Example\main.cpp(5,10): error C1083: 포함 파일을 열 수 없습니다. '': No such file or directory
